
info	2022-03-21 12:13:14	GET Request to /api/types
info	2022-03-21 12:13:14	Route not found
info	2022-03-21 12:19:08	GET Request to /api/types
info	2022-03-21 12:19:12	GET Request to /api/types
info	2022-03-21 12:19:13	GET Request to /api/types
info	2022-03-21 12:19:35	GET Request to /api/types
info	2022-03-21 12:19:44	GET Request to /api/targetsssssssssssss
info	2022-03-21 12:19:44	Route not found
info	2022-03-21 12:21:29	GET Request to /api/gifts
info	2022-03-21 12:21:29	Route not found
info	2022-03-21 12:21:54	GET Request to /api/furnitures
info	2022-03-21 12:24:00	POST Request to /api/furnitures
info	2022-03-21 12:24:00	"value" must be of type object
info	2022-03-21 12:34:23	POST Request to /api/furnitures
info	2022-03-21 12:34:23	"value" must be of type object
info	2022-03-21 12:35:15	POST Request to /api/furnitures
info	2022-03-21 12:35:15	"typeName" is not allowed
info	2022-03-21 12:36:50	POST Request to /api/furnitures
error	2022-03-21 12:36:50	Cannot read properties of undefined (reading 'message')
info	2022-03-21 12:37:43	POST Request to /api/furnitures
info	2022-03-21 12:37:51	GET Request to /api/furnitures
info	2022-03-21 12:38:43	GET Request to /api/furnitures
info	2022-03-21 12:40:04	GET Request to /api/furnitures
info	2022-03-21 12:40:06	GET Request to /api/furnitures
info	2022-03-21 12:40:25	GET Request to /api/furnitures
info	2022-03-21 12:40:31	GET Request to /api/types
info	2022-03-21 12:40:47	POST Request to /api/furnitures
info	2022-03-21 12:40:47	"typeId" is required. "dimensions" is required. "color" is required. "price" is required
info	2022-03-21 12:42:06	POST Request to /api/furnitures
info	2022-03-21 12:42:06	"typeId" is required. "dimensions" is required. "color" is required. "price" is required
info	2022-03-21 12:42:39	POST Request to /api/furnitures
info	2022-03-21 12:43:09	POST Request to /api/furnitures
info	2022-03-21 12:43:38	GET Request to /api/furnitures
info	2022-03-21 01:24:00	GET Request to /api/furnitures/
info	2022-03-21 01:24:00	GET Request to /api/furnitures/
info	2022-03-21 01:24:58	GET Request to /api/furnitures/
info	2022-03-21 01:26:32	GET Request to /api/furnitures/
info	2022-03-21 01:26:36	GET Request to /api/furnitures/
info	2022-03-21 01:26:40	GET Request to /api/furnitures/
info	2022-03-21 01:26:47	GET Request to /api/furnitures/
info	2022-03-21 01:29:22	GET Request to /api/furnitures/
info	2022-03-21 01:29:22	GET Request to /api/furnitures/
info	2022-03-21 01:29:31	GET Request to /api/furnitures/
info	2022-03-21 01:29:59	GET Request to /api/furnitures/
info	2022-03-21 01:30:01	GET Request to /api/furnitures/
info	2022-03-21 01:30:54	GET Request to /api/furnitures/
info	2022-03-21 01:31:35	GET Request to /api/furnitures/
info	2022-03-21 01:32:26	GET Request to /api/furnitures/
info	2022-03-21 01:34:07	GET Request to /api/furnitures/
info	2022-03-21 01:34:38	GET Request to /api/furnitures/
info	2022-03-21 01:35:08	GET Request to /api/furnitures/
info	2022-03-21 01:35:13	GET Request to /api/furnitures/
info	2022-03-21 01:35:42	GET Request to /api/furnitures/
info	2022-03-21 01:35:45	GET Request to /api/furnitures/
info	2022-03-21 01:35:49	GET Request to /api/furnitures/
info	2022-03-21 01:37:32	GET Request to /api/furnitures/
info	2022-03-21 01:50:33	GET Request to /api/types/
info	2022-03-21 01:50:39	GET Request to /api/types/
info	2022-03-21 01:50:59	GET Request to /api/types/
info	2022-03-21 01:51:38	GET Request to /api/types/
info	2022-03-21 01:51:48	GET Request to /api/types/
info	2022-03-21 01:51:49	GET Request to /api/types/
info	2022-03-21 01:51:50	GET Request to /api/types/
info	2022-03-21 01:52:00	GET Request to /api/types/
info	2022-03-21 01:52:04	GET Request to /api/types/
info	2022-03-21 01:52:14	GET Request to /api/types/
info	2022-03-21 01:52:21	GET Request to /api/types/
info	2022-03-21 01:52:21	GET Request to /api/types/
info	2022-03-21 01:52:28	GET Request to /api/types/
info	2022-03-21 01:52:34	GET Request to /api/types/
info	2022-03-21 01:52:43	GET Request to /api/types/
info	2022-03-21 01:52:52	GET Request to /api/types/
info	2022-03-21 01:52:58	GET Request to /api/types/
info	2022-03-21 01:53:12	GET Request to /api/types/
info	2022-03-21 01:53:27	GET Request to /api/types/
info	2022-03-21 01:53:40	GET Request to /api/types/
info	2022-03-21 01:53:41	GET Request to /api/types/
info	2022-03-21 01:53:46	GET Request to /api/types/
info	2022-03-21 01:53:54	GET Request to /api/types/
info	2022-03-21 01:54:00	GET Request to /api/types/
info	2022-03-21 01:54:03	GET Request to /api/types/
info	2022-03-21 01:54:14	GET Request to /api/types/
info	2022-03-21 01:54:15	GET Request to /api/types/
info	2022-03-21 01:54:20	GET Request to /api/types/
info	2022-03-21 01:54:25	GET Request to /api/types/
info	2022-03-21 01:54:27	GET Request to /api/types/
info	2022-03-21 01:54:31	GET Request to /api/types/
info	2022-03-21 01:54:42	GET Request to /api/types/
info	2022-03-21 01:54:43	GET Request to /api/types/
info	2022-03-21 01:54:49	GET Request to /api/types/
info	2022-03-21 01:55:40	GET Request to /api/types/
info	2022-03-21 01:56:05	GET Request to /api/types/
info	2022-03-21 01:56:45	GET Request to /api/types/
info	2022-03-21 01:56:45	GET Request to /api/types/
info	2022-03-21 01:56:45	GET Request to /api/types/
info	2022-03-21 01:57:02	GET Request to /api/types/
info	2022-03-21 01:57:07	GET Request to /api/types/
info	2022-03-21 01:57:48	GET Request to /api/types/
info	2022-03-21 01:58:11	GET Request to /api/types/
info	2022-03-21 01:58:59	GET Request to /api/types/
info	2022-03-21 01:59:27	GET Request to /api/types/
info	2022-03-21 02:01:45	GET Request to /api/types/
info	2022-03-21 02:02:50	GET Request to /api/types/
info	2022-03-21 02:07:07	GET Request to /api/types/
info	2022-03-21 02:07:15	GET Request to /api/types/
info	2022-03-21 02:07:56	GET Request to /api/furnitures/
info	2022-03-21 02:09:40	GET Request to /api/types/
info	2022-03-21 02:09:43	GET Request to /api/types/
info	2022-03-21 02:10:02	POST Request to /api/furnitures/
info	2022-03-21 02:10:02	GET Request to /api/furnitures/
info	2022-03-21 02:10:13	GET Request to /api/types/
info	2022-03-21 02:10:34	POST Request to /api/furnitures/
info	2022-03-21 02:10:34	GET Request to /api/furnitures/
info	2022-03-21 02:10:42	GET Request to /api/types/
info	2022-03-21 02:11:25	GET Request to /api/furnitures/
info	2022-03-21 02:46:40	GET Request to /api/furnitures/
info	2022-03-21 02:46:45	GET Request to /api/types/
info	2022-03-21 02:59:14	GET Request to /api/types/
info	2022-03-21 02:59:16	GET Request to /api/types/
info	2022-03-21 02:59:19	GET Request to /api/types/
info	2022-03-21 02:59:55	GET Request to /api/types/
info	2022-03-21 03:00:17	GET Request to /api/types/
info	2022-03-21 03:00:39	GET Request to /api/types/
info	2022-03-21 03:00:39	GET Request to /api/types/
info	2022-03-21 03:00:59	GET Request to /api/types/
info	2022-03-21 03:01:02	GET Request to /api/types/
info	2022-03-21 03:01:04	GET Request to /api/types/
info	2022-03-21 03:01:12	GET Request to /api/types/
info	2022-03-21 03:01:12	GET Request to /api/types/
